<?xml version="1.0" encoding="UTF-8"?>
<!-- Generated by org.testng.reporters.JUnitXMLReporter -->
<testsuite ignored="0" hostname="ATMECSBLRLT-196" failures="0" tests="2" name="Parallel Tests" time="15.155" errors="0" timestamp="2022-06-08T15:40:16 GMT+05:30">
  <testcase classname="ParallelTestExecution.ParallelTestingMethodLevel" name="microsoftParallelTestingMethodLevel" time="14.061"/>
  <testcase classname="ParallelTestExecution.ParallelTestingMethodLevel" name="chromeParallelTestingMethodLevel" time="15.075"/>
</testsuite> <!-- Parallel Tests -->
