<?xml version="1.0" encoding="UTF-8"?>
<!-- Generated by org.testng.reporters.JUnitXMLReporter -->
<testsuite ignored="0" hostname="ATMECSBLRLT-196" failures="0" tests="5" name="Parallel Test" time="17.726" errors="0" timestamp="2022-08-24T17:05:46 GMT+05:30">
  <testcase classname="ParallelTestExecution.ParallelTestExecution" name="ParallelTestExecutionMethodLevelFifthMethod" time="5.66"/>
  <testcase classname="ParallelTestExecution.ParallelTestExecution" name="ParallelTestExecutionMethodLevelFourthMethod" time="7.962"/>
  <testcase classname="ParallelTestExecution.ParallelTestExecution" name="ParallelTestExecutionMethodLevelThirdMethod" time="4.197"/>
  <testcase classname="ParallelTestExecution.ParallelTestExecution" name="chromeParallelTestExecutionMethodLevel" time="3.97"/>
  <testcase classname="ParallelTestExecution.ParallelTestExecution" name="microsoftEdgeParallelTestExecutionMethodLevel" time="7.828"/>
</testsuite> <!-- Parallel Test -->
